{"name": "testcase_032", "status": "failed", "statusDetails": {"message": "AssertionError: Bunga dengan nilai valid seharusnya '6.77', tetapi ditemukan '99,99'.\nassert '99,99' == '6.77'\n  \n  - 6.77\n  + 99,99", "trace": "browser = <selenium.webdriver.chrome.webdriver.WebDriver (session=\"826666462db63628ca3a23a3e6df6197\")>\n\n    @allure.feature('Upload Loan Financing')\n    @allure.story('Bunga Valid *Positif*')\n    @allure.severity(allure.severity_level.NORMAL)\n    def testcase_032(browser):\n        \"\"\"Testcase *Positif* : input bunga dengan nilai valid\"\"\"\n    \n        try:\n            with allure.step(\"Input Bunga Valid dengan Dua Digit Setelah Desimal\"):\n                bunga = WebDriverWait(browser, 10).until(EC.visibility_of_element_located((By.XPATH, \"//input[@id='interest']\")))\n    \n                valid_values = [\"5,22\", \"3,10\", \"6.77\"]\n                input_bunga = random.choice(valid_values)\n                clear_and_input(bunga, input_bunga)\n    \n                btn_validasi = WebDriverWait(browser, 10).until(EC.element_to_be_clickable((By.XPATH, \"//button[contains(text(),'AJUKAN')]\")))\n                btn_validasi.click()\n                time.sleep(1)\n    \n                actual_value = bunga.get_attribute('value')\n>               assert actual_value == input_bunga, f\"Bunga dengan nilai valid seharusnya '{input_bunga}', tetapi ditemukan '{actual_value}'.\"\nE               AssertionError: Bunga dengan nilai valid seharusnya '6.77', tetapi ditemukan '99,99'.\nE               assert '99,99' == '6.77'\nE                 \nE                 - 6.77\nE                 + 99,99\n\nTestcase_Upload_Financing.py:1247: AssertionError"}, "description": "Testcase *Positif* : input bunga dengan nilai valid", "steps": [{"name": "Input Bunga Valid dengan Dua Digit Setelah Desimal", "status": "failed", "statusDetails": {"message": "AssertionError: Bunga dengan nilai valid seharusnya '6.77', tetapi ditemukan '99,99'.\nassert '99,99' == '6.77'\n  \n  - 6.77\n  + 99,99\n", "trace": "  File \"C:\\Users\\irsan\\PycharmProjects\\Testing Allure\\Testing\\Testcase_Upload_Financing.py\", line 1247, in testcase_032\n    assert actual_value == input_bunga, f\"Bunga dengan nilai valid seharusnya '{input_bunga}', tetapi ditemukan '{actual_value}'.\"\n"}, "start": 1726396067231, "stop": 1726396068490}], "attachments": [{"name": "Screenshot Error", "source": "e0613520-6456-4b77-a76e-407a49298732-attachment.png", "type": "image/png"}, {"name": "log", "source": "db5e2081-6c5e-4947-8efb-597c38607ac8-attachment.txt", "type": "text/plain"}], "start": 1726396067231, "stop": 1726396068617, "uuid": "1b5f65cc-2933-4794-a35d-d23549fb07f4", "historyId": "2cb989bf03dc20532a87a3cdcd35511a", "testCaseId": "2cb989bf03dc20532a87a3cdcd35511a", "fullName": "Testcase_Upload_Financing#testcase_032", "labels": [{"name": "story", "value": "Bunga Valid *Positif*"}, {"name": "severity", "value": "normal"}, {"name": "feature", "value": "Upload Loan Financing"}, {"name": "suite", "value": "Testcase_Upload_Financing"}, {"name": "host", "value": "LAPTOP-1965Q82V"}, {"name": "thread", "value": "10164-MainThread"}, {"name": "framework", "value": "pytest"}, {"name": "language", "value": "cpython3"}, {"name": "package", "value": "Testcase_Upload_Financing"}]}