{"name": "testcase_066", "status": "failed", "statusDetails": {"message": "AssertionError: Pesan kesalahan untuk input kosong atau tidak ditemukan.\nassert 'Harap isi nomor jaminan!' in 'Harap isi nilai jaminan!'\n +  where 'Harap isi nilai jaminan!' = <selenium.webdriver.remote.webelement.WebElement (session=\"826666462db63628ca3a23a3e6df6197\", element=\"f.62E2EEDF81F5D21E5A63A489A7760BAB.d.0D119C5EA5AAB240F28784FB809490F5.e.202\")>.text", "trace": "browser = <selenium.webdriver.chrome.webdriver.WebDriver (session=\"826666462db63628ca3a23a3e6df6197\")>\n\n    @allure.feature('Upload Loan Financing')\n    @allure.story('Nomor Jaminan Invalid *Negatif*')\n    @allure.severity(allure.severity_level.CRITICAL)\n    def testcase_066(browser):\n        \"\"\"Testcase *Negatif* input Nomor Jaminan kosong\"\"\"\n        try:\n            with allure.step(\"Input Nomor Jaminan Kosong\"):\n                NomorJaminan = WebDriverWait(browser, 10).until(EC.visibility_of_element_located((By.XPATH, \"//input[@id='collateral-number']\")))\n    \n                NomorJaminan.clear()\n                NomorJaminan.send_keys(\"\")\n    \n                btn_validasi = WebDriverWait(browser, 10).until(EC.element_to_be_clickable((By.XPATH, \"//button[contains(text(),'AJUKAN')]\")))\n                btn_validasi.click()\n                time.sleep(1)\n    \n                browser.execute_script(\"arguments[0].scrollIntoView(true);\", NomorJaminan)\n                time.sleep(1)\n    \n                error_message = WebDriverWait(browser, 10).until(EC.visibility_of_element_located((By.XPATH, \"//div[contains(text(),'Harap isi nilai jaminan!')]\")))\n>               assert \"Harap isi nomor jaminan!\" in error_message.text, \"Pesan kesalahan untuk input kosong atau tidak ditemukan.\"\nE               AssertionError: Pesan kesalahan untuk input kosong atau tidak ditemukan.\nE               assert 'Harap isi nomor jaminan!' in 'Harap isi nilai jaminan!'\nE                +  where 'Harap isi nilai jaminan!' = <selenium.webdriver.remote.webelement.WebElement (session=\"826666462db63628ca3a23a3e6df6197\", element=\"f.62E2EEDF81F5D21E5A63A489A7760BAB.d.0D119C5EA5AAB240F28784FB809490F5.e.202\")>.text\n\nTestcase_Upload_Financing.py:2651: AssertionError"}, "description": "Testcase *Negatif* input Nomor Jaminan kosong", "steps": [{"name": "Input Nomor Jaminan Kosong", "status": "failed", "statusDetails": {"message": "AssertionError: Pesan kesalahan untuk input kosong atau tidak ditemukan.\nassert 'Harap isi nomor jaminan!' in 'Harap isi nilai jaminan!'\n +  where 'Harap isi nilai jaminan!' = <selenium.webdriver.remote.webelement.WebElement (session=\"826666462db63628ca3a23a3e6df6197\", element=\"f.62E2EEDF81F5D21E5A63A489A7760BAB.d.0D119C5EA5AAB240F28784FB809490F5.e.202\")>.text\n", "trace": "  File \"C:\\Users\\irsan\\PycharmProjects\\Testing Allure\\Testing\\Testcase_Upload_Financing.py\", line 2651, in testcase_066\n    assert \"Harap isi nomor jaminan!\" in error_message.text, \"Pesan kesalahan untuk input kosong atau tidak ditemukan.\"\n"}, "start": 1726396210294, "stop": 1726396212548}], "attachments": [{"name": "Screenshot Error", "source": "1a024a0a-be96-4d62-9030-6e36aaf917b8-attachment.png", "type": "image/png"}], "start": 1726396210294, "stop": 1726396213675, "uuid": "7feb75a2-1797-4c10-9b52-f88405997c2c", "historyId": "0c9d59641a3d5d851cba0724df5a9b5b", "testCaseId": "0c9d59641a3d5d851cba0724df5a9b5b", "fullName": "Testcase_Upload_Financing#testcase_066", "labels": [{"name": "feature", "value": "Upload Loan Financing"}, {"name": "severity", "value": "critical"}, {"name": "story", "value": "Nomor Jaminan Invalid *Negatif*"}, {"name": "suite", "value": "Testcase_Upload_Financing"}, {"name": "host", "value": "LAPTOP-1965Q82V"}, {"name": "thread", "value": "10164-MainThread"}, {"name": "framework", "value": "pytest"}, {"name": "language", "value": "cpython3"}, {"name": "package", "value": "Testcase_Upload_Financing"}]}