{"uid":"e05c26b7fd72c950","name":"testcase_020","fullName":"Testcase_Upload_Financing#testcase_020","historyId":"ec0356fa9a82ff15ad5bc3d09591d9e5","time":{"start":1726251745411,"stop":1726251757128,"duration":11717},"description":"Testcase *Negatif*: Tenor tidak boleh kosong\n    \n    expect : muncul pesan error \n    ","descriptionHtml":"<p>Testcase <em>Negatif</em>: Tenor tidak boleh kosong</p>\n<pre><code>expect : muncul pesan error \n</code></pre>\n","status":"broken","statusMessage":"selenium.common.exceptions.TimeoutException: Message: \nStacktrace:\n\tGetHandleVerifier [0x0120D933+25811]\n\t(No symbol) [0x0119E314]\n\t(No symbol) [0x01092523]\n\t(No symbol) [0x010D7483]\n\t(No symbol) [0x010D765B]\n\t(No symbol) [0x01116BA2]\n\t(No symbol) [0x010FAD74]\n\t(No symbol) [0x011146F0]\n\t(No symbol) [0x010FAAC6]\n\t(No symbol) [0x010CBEFD]\n\t(No symbol) [0x010CC8FD]\n\tGetHandleVerifier [0x014DF143+2981091]\n\tGetHandleVerifier [0x01532FF9+3324825]\n\tGetHandleVerifier [0x0129B32F+605903]\n\tGetHandleVerifier [0x012A2CBC+637020]\n\t(No symbol) [0x011A6F4D]\n\t(No symbol) [0x011A3DD8]\n\t(No symbol) [0x011A3F75]\n\t(No symbol) [0x01196406]\n\tBaseThreadInitThunk [0x771C7BA9+25]\n\tRtlInitializeExceptionChain [0x77B4C10B+107]\n\tRtlClearBits [0x77B4C08F+191]","statusTrace":"browser = <selenium.webdriver.chrome.webdriver.WebDriver (session=\"bbbf3a0d22fc88a0cb14f2e0c985faf4\")>\n\n    @allure.feature('Upload Loan Financing')\n    @allure.story('Tenor Kosong')\n    @allure.severity(allure.severity_level.NORMAL)\n    def testcase_020(browser):\n        \"\"\"Testcase *Negatif*: Tenor tidak boleh kosong\n    \n        expect : muncul pesan error\n        \"\"\"\n    \n        with allure.step(\"Tenor Kosong dan Verifikasi Pesan Kesalahan\"):\n            tenor_input = WebDriverWait(browser, 10).until(EC.visibility_of_element_located((By.XPATH, \"//input[@id='tenor']\")))\n            tenor_input.clear()\n    \n            tenor_input.send_keys(Keys.RETURN)\n            time.sleep(1)\n    \n            allure.attach(browser.get_screenshot_as_png(), name=\"Screenshot Input Tenor Kosong\", attachment_type=allure.attachment_type.PNG)\n    \n    \n            try:\n                error_message_element = WebDriverWait(browser, 10).until(EC.visibility_of_element_located((By.XPATH, \"//div[contains(text(),'Harap pilih tenor!')]\")))\n                error_message_text = error_message_element.text\n                expected_error_message = \"Harap pilih tenor!\"\n    \n                assert expected_error_message in error_message_text, (\n                    f\"Pesan kesalahan yang diharapkan '{expected_error_message}' tidak ditemukan. \"\n                    f\"Pesan kesalahan yang ditemukan '{error_message_text}'.\"\n                )\n    \n            except Exception as e:\n                allure.attach(browser.get_screenshot_as_png(), name=\"Screenshot Tenor Kosong Error\", attachment_type=allure.attachment_type.PNG)\n>               raise e\n\nTestcase_Upload_Financing.py:818: \n_ _ _ _ _ _ _ _ _ _ _ _ _ _ _ _ _ _ _ _ _ _ _ _ _ _ _ _ _ _ _ _ _ _ _ _ _ _ _ _ _ _ _ _ _ _ _ _ _ _ _ _ _ _ _ _ _ _ _ _ _ _ _ _ _ _ _ _ _ _ _ _ _ _ _ _ _ _ _ _ _ _ _ _ _ _ _ _ _ _ _ _ _ _ _ _ _ _ \nTestcase_Upload_Financing.py:807: in testcase_020\n    error_message_element = WebDriverWait(browser, 10).until(EC.visibility_of_element_located((By.XPATH, \"//div[contains(text(),'Harap pilih tenor!')]\")))\n_ _ _ _ _ _ _ _ _ _ _ _ _ _ _ _ _ _ _ _ _ _ _ _ _ _ _ _ _ _ _ _ _ _ _ _ _ _ _ _ _ _ _ _ _ _ _ _ _ _ _ _ _ _ _ _ _ _ _ _ _ _ _ _ _ _ _ _ _ _ _ _ _ _ _ _ _ _ _ _ _ _ _ _ _ _ _ _ _ _ _ _ _ _ _ _ _ _ \n\nself = <selenium.webdriver.support.wait.WebDriverWait (session=\"bbbf3a0d22fc88a0cb14f2e0c985faf4\")>, method = <function visibility_of_element_located.<locals>._predicate at 0x00000192D22392D0>\nmessage = ''\n\n    def until(self, method: Callable[[D], Union[Literal[False], T]], message: str = \"\") -> T:\n        \"\"\"Calls the method provided with the driver as an argument until the \\\n        return value does not evaluate to ``False``.\n    \n        :param method: callable(WebDriver)\n        :param message: optional message for :exc:`TimeoutException`\n        :returns: the result of the last call to `method`\n        :raises: :exc:`selenium.common.exceptions.TimeoutException` if timeout occurs\n        \"\"\"\n        screen = None\n        stacktrace = None\n    \n        end_time = time.monotonic() + self._timeout\n        while True:\n            try:\n                value = method(self._driver)\n                if value:\n                    return value\n            except self._ignored_exceptions as exc:\n                screen = getattr(exc, \"screen\", None)\n                stacktrace = getattr(exc, \"stacktrace\", None)\n            time.sleep(self._poll)\n            if time.monotonic() > end_time:\n                break\n>       raise TimeoutException(message, screen, stacktrace)\nE       selenium.common.exceptions.TimeoutException: Message: \nE       Stacktrace:\nE       \tGetHandleVerifier [0x0120D933+25811]\nE       \t(No symbol) [0x0119E314]\nE       \t(No symbol) [0x01092523]\nE       \t(No symbol) [0x010D7483]\nE       \t(No symbol) [0x010D765B]\nE       \t(No symbol) [0x01116BA2]\nE       \t(No symbol) [0x010FAD74]\nE       \t(No symbol) [0x011146F0]\nE       \t(No symbol) [0x010FAAC6]\nE       \t(No symbol) [0x010CBEFD]\nE       \t(No symbol) [0x010CC8FD]\nE       \tGetHandleVerifier [0x014DF143+2981091]\nE       \tGetHandleVerifier [0x01532FF9+3324825]\nE       \tGetHandleVerifier [0x0129B32F+605903]\nE       \tGetHandleVerifier [0x012A2CBC+637020]\nE       \t(No symbol) [0x011A6F4D]\nE       \t(No symbol) [0x011A3DD8]\nE       \t(No symbol) [0x011A3F75]\nE       \t(No symbol) [0x01196406]\nE       \tBaseThreadInitThunk [0x771C7BA9+25]\nE       \tRtlInitializeExceptionChain [0x77B4C10B+107]\nE       \tRtlClearBits [0x77B4C08F+191]\n\n..\\mytest\\lib\\site-packages\\selenium\\webdriver\\support\\wait.py:105: TimeoutException","flaky":false,"newFailed":false,"newBroken":false,"newPassed":false,"retriesCount":0,"retriesStatusChange":false,"beforeStages":[{"name":"_session_faker","time":{"start":1726251658928,"stop":1726251659016,"duration":88},"status":"passed","steps":[],"attachments":[],"parameters":[],"stepsCount":0,"hasContent":false,"attachmentsCount":0,"shouldDisplayMessage":false},{"name":"browser","time":{"start":1726251659016,"stop":1726251661539,"duration":2523},"status":"passed","steps":[],"attachments":[],"parameters":[],"stepsCount":0,"hasContent":false,"attachmentsCount":0,"shouldDisplayMessage":false},{"name":"setup_and_teardown","time":{"start":1726251661539,"stop":1726251666171,"duration":4632},"status":"passed","steps":[],"attachments":[],"parameters":[],"stepsCount":0,"hasContent":false,"attachmentsCount":0,"shouldDisplayMessage":false}],"testStage":{"description":"Testcase *Negatif*: Tenor tidak boleh kosong\n    \n    expect : muncul pesan error \n    ","status":"broken","statusMessage":"selenium.common.exceptions.TimeoutException: Message: \nStacktrace:\n\tGetHandleVerifier [0x0120D933+25811]\n\t(No symbol) [0x0119E314]\n\t(No symbol) [0x01092523]\n\t(No symbol) [0x010D7483]\n\t(No symbol) [0x010D765B]\n\t(No symbol) [0x01116BA2]\n\t(No symbol) [0x010FAD74]\n\t(No symbol) [0x011146F0]\n\t(No symbol) [0x010FAAC6]\n\t(No symbol) [0x010CBEFD]\n\t(No symbol) [0x010CC8FD]\n\tGetHandleVerifier [0x014DF143+2981091]\n\tGetHandleVerifier [0x01532FF9+3324825]\n\tGetHandleVerifier [0x0129B32F+605903]\n\tGetHandleVerifier [0x012A2CBC+637020]\n\t(No symbol) [0x011A6F4D]\n\t(No symbol) [0x011A3DD8]\n\t(No symbol) [0x011A3F75]\n\t(No symbol) [0x01196406]\n\tBaseThreadInitThunk [0x771C7BA9+25]\n\tRtlInitializeExceptionChain [0x77B4C10B+107]\n\tRtlClearBits [0x77B4C08F+191]","statusTrace":"browser = <selenium.webdriver.chrome.webdriver.WebDriver (session=\"bbbf3a0d22fc88a0cb14f2e0c985faf4\")>\n\n    @allure.feature('Upload Loan Financing')\n    @allure.story('Tenor Kosong')\n    @allure.severity(allure.severity_level.NORMAL)\n    def testcase_020(browser):\n        \"\"\"Testcase *Negatif*: Tenor tidak boleh kosong\n    \n        expect : muncul pesan error\n        \"\"\"\n    \n        with allure.step(\"Tenor Kosong dan Verifikasi Pesan Kesalahan\"):\n            tenor_input = WebDriverWait(browser, 10).until(EC.visibility_of_element_located((By.XPATH, \"//input[@id='tenor']\")))\n            tenor_input.clear()\n    \n            tenor_input.send_keys(Keys.RETURN)\n            time.sleep(1)\n    \n            allure.attach(browser.get_screenshot_as_png(), name=\"Screenshot Input Tenor Kosong\", attachment_type=allure.attachment_type.PNG)\n    \n    \n            try:\n                error_message_element = WebDriverWait(browser, 10).until(EC.visibility_of_element_located((By.XPATH, \"//div[contains(text(),'Harap pilih tenor!')]\")))\n                error_message_text = error_message_element.text\n                expected_error_message = \"Harap pilih tenor!\"\n    \n                assert expected_error_message in error_message_text, (\n                    f\"Pesan kesalahan yang diharapkan '{expected_error_message}' tidak ditemukan. \"\n                    f\"Pesan kesalahan yang ditemukan '{error_message_text}'.\"\n                )\n    \n            except Exception as e:\n                allure.attach(browser.get_screenshot_as_png(), name=\"Screenshot Tenor Kosong Error\", attachment_type=allure.attachment_type.PNG)\n>               raise e\n\nTestcase_Upload_Financing.py:818: \n_ _ _ _ _ _ _ _ _ _ _ _ _ _ _ _ _ _ _ _ _ _ _ _ _ _ _ _ _ _ _ _ _ _ _ _ _ _ _ _ _ _ _ _ _ _ _ _ _ _ _ _ _ _ _ _ _ _ _ _ _ _ _ _ _ _ _ _ _ _ _ _ _ _ _ _ _ _ _ _ _ _ _ _ _ _ _ _ _ _ _ _ _ _ _ _ _ _ \nTestcase_Upload_Financing.py:807: in testcase_020\n    error_message_element = WebDriverWait(browser, 10).until(EC.visibility_of_element_located((By.XPATH, \"//div[contains(text(),'Harap pilih tenor!')]\")))\n_ _ _ _ _ _ _ _ _ _ _ _ _ _ _ _ _ _ _ _ _ _ _ _ _ _ _ _ _ _ _ _ _ _ _ _ _ _ _ _ _ _ _ _ _ _ _ _ _ _ _ _ _ _ _ _ _ _ _ _ _ _ _ _ _ _ _ _ _ _ _ _ _ _ _ _ _ _ _ _ _ _ _ _ _ _ _ _ _ _ _ _ _ _ _ _ _ _ \n\nself = <selenium.webdriver.support.wait.WebDriverWait (session=\"bbbf3a0d22fc88a0cb14f2e0c985faf4\")>, method = <function visibility_of_element_located.<locals>._predicate at 0x00000192D22392D0>\nmessage = ''\n\n    def until(self, method: Callable[[D], Union[Literal[False], T]], message: str = \"\") -> T:\n        \"\"\"Calls the method provided with the driver as an argument until the \\\n        return value does not evaluate to ``False``.\n    \n        :param method: callable(WebDriver)\n        :param message: optional message for :exc:`TimeoutException`\n        :returns: the result of the last call to `method`\n        :raises: :exc:`selenium.common.exceptions.TimeoutException` if timeout occurs\n        \"\"\"\n        screen = None\n        stacktrace = None\n    \n        end_time = time.monotonic() + self._timeout\n        while True:\n            try:\n                value = method(self._driver)\n                if value:\n                    return value\n            except self._ignored_exceptions as exc:\n                screen = getattr(exc, \"screen\", None)\n                stacktrace = getattr(exc, \"stacktrace\", None)\n            time.sleep(self._poll)\n            if time.monotonic() > end_time:\n                break\n>       raise TimeoutException(message, screen, stacktrace)\nE       selenium.common.exceptions.TimeoutException: Message: \nE       Stacktrace:\nE       \tGetHandleVerifier [0x0120D933+25811]\nE       \t(No symbol) [0x0119E314]\nE       \t(No symbol) [0x01092523]\nE       \t(No symbol) [0x010D7483]\nE       \t(No symbol) [0x010D765B]\nE       \t(No symbol) [0x01116BA2]\nE       \t(No symbol) [0x010FAD74]\nE       \t(No symbol) [0x011146F0]\nE       \t(No symbol) [0x010FAAC6]\nE       \t(No symbol) [0x010CBEFD]\nE       \t(No symbol) [0x010CC8FD]\nE       \tGetHandleVerifier [0x014DF143+2981091]\nE       \tGetHandleVerifier [0x01532FF9+3324825]\nE       \tGetHandleVerifier [0x0129B32F+605903]\nE       \tGetHandleVerifier [0x012A2CBC+637020]\nE       \t(No symbol) [0x011A6F4D]\nE       \t(No symbol) [0x011A3DD8]\nE       \t(No symbol) [0x011A3F75]\nE       \t(No symbol) [0x01196406]\nE       \tBaseThreadInitThunk [0x771C7BA9+25]\nE       \tRtlInitializeExceptionChain [0x77B4C10B+107]\nE       \tRtlClearBits [0x77B4C08F+191]\n\n..\\mytest\\lib\\site-packages\\selenium\\webdriver\\support\\wait.py:105: TimeoutException","steps":[{"name":"Tenor Kosong dan Verifikasi Pesan Kesalahan","time":{"start":1726251745411,"stop":1726251757128,"duration":11717},"status":"broken","statusMessage":"selenium.common.exceptions.TimeoutException: Message: \nStacktrace:\n\tGetHandleVerifier [0x0120D933+25811]\n\t(No symbol) [0x0119E314]\n\t(No symbol) [0x01092523]\n\t(No symbol) [0x010D7483]\n\t(No symbol) [0x010D765B]\n\t(No symbol) [0x01116BA2]\n\t(No symbol) [0x010FAD74]\n\t(No symbol) [0x011146F0]\n\t(No symbol) [0x010FAAC6]\n\t(No symbol) [0x010CBEFD]\n\t(No symbol) [0x010CC8FD]\n\tGetHandleVerifier [0x014DF143+2981091]\n\tGetHandleVerifier [0x01532FF9+3324825]\n\tGetHandleVerifier [0x0129B32F+605903]\n\tGetHandleVerifier [0x012A2CBC+637020]\n\t(No symbol) [0x011A6F4D]\n\t(No symbol) [0x011A3DD8]\n\t(No symbol) [0x011A3F75]\n\t(No symbol) [0x01196406]\n\tBaseThreadInitThunk [0x771C7BA9+25]\n\tRtlInitializeExceptionChain [0x77B4C10B+107]\n\tRtlClearBits [0x77B4C08F+191]\n\n","statusTrace":"  File \"C:\\Users\\irsan\\PycharmProjects\\Testing Allure\\Testing\\Testcase_Upload_Financing.py\", line 818, in testcase_020\n    raise e\n  File \"C:\\Users\\irsan\\PycharmProjects\\Testing Allure\\Testing\\Testcase_Upload_Financing.py\", line 807, in testcase_020\n    error_message_element = WebDriverWait(browser, 10).until(EC.visibility_of_element_located((By.XPATH, \"//div[contains(text(),'Harap pilih tenor!')]\")))\n  File \"C:\\Users\\irsan\\PycharmProjects\\Testing Allure\\mytest\\lib\\site-packages\\selenium\\webdriver\\support\\wait.py\", line 105, in until\n    raise TimeoutException(message, screen, stacktrace)\n","steps":[],"attachments":[{"uid":"bc292e070bd86dce","name":"Screenshot Input Tenor Kosong","source":"bc292e070bd86dce.png","type":"image/png","size":58172},{"uid":"5feeb3802ebc40f1","name":"Screenshot Tenor Kosong Error","source":"5feeb3802ebc40f1.png","type":"image/png","size":58172}],"parameters":[],"stepsCount":0,"hasContent":true,"attachmentsCount":2,"shouldDisplayMessage":true}],"attachments":[],"parameters":[],"stepsCount":1,"hasContent":true,"attachmentsCount":2,"shouldDisplayMessage":true},"afterStages":[{"name":"browser::0","time":{"start":1726251953843,"stop":1726251956106,"duration":2263},"status":"passed","steps":[],"attachments":[],"parameters":[],"stepsCount":0,"hasContent":false,"attachmentsCount":0,"shouldDisplayMessage":false},{"name":"setup_and_teardown::0","time":{"start":1726251953843,"stop":1726251953843,"duration":0},"status":"passed","steps":[],"attachments":[],"parameters":[],"stepsCount":0,"hasContent":false,"attachmentsCount":0,"shouldDisplayMessage":false}],"labels":[{"name":"feature","value":"Upload Loan Financing"},{"name":"story","value":"Tenor Kosong"},{"name":"severity","value":"normal"},{"name":"suite","value":"Testcase_Upload_Financing"},{"name":"host","value":"LAPTOP-1965Q82V"},{"name":"thread","value":"20172-MainThread"},{"name":"framework","value":"pytest"},{"name":"language","value":"cpython3"},{"name":"package","value":"Testcase_Upload_Financing"},{"name":"resultFormat","value":"allure2"}],"parameters":[],"links":[],"hidden":true,"retry":true,"extra":{"categories":[],"tags":[]},"source":"e05c26b7fd72c950.json","parameterValues":[]}