{"uid":"4208d03eb9cb0411","name":"testcase_015","fullName":"Testcase_Upload_Financing#testcase_015","historyId":"b1fe456dd2df8e0b82d7c671a7dcade8","time":{"start":1726253204761,"stop":1726253217519,"duration":12758},"description":"Testcase *Negatif*: mencoba Input Nominal Pinjaman dengan \"KOMA\" berulang dan verifikasi pesan kesalahan.\n    \n    Note: sistem otomatis menghapus value yang bukan numeric.\n    ","descriptionHtml":"<p>Testcase <em>Negatif</em>: mencoba Input Nominal Pinjaman dengan &quot;KOMA&quot; berulang dan verifikasi pesan kesalahan.</p>\n<pre><code>Note: sistem otomatis menghapus value yang bukan numeric.\n</code></pre>\n","status":"broken","statusMessage":"selenium.common.exceptions.TimeoutException: Message: \nStacktrace:\n\tGetHandleVerifier [0x0120D933+25811]\n\t(No symbol) [0x0119E314]\n\t(No symbol) [0x01092523]\n\t(No symbol) [0x010D7483]\n\t(No symbol) [0x010D765B]\n\t(No symbol) [0x01116BA2]\n\t(No symbol) [0x010FAD74]\n\t(No symbol) [0x011146F0]\n\t(No symbol) [0x010FAAC6]\n\t(No symbol) [0x010CBEFD]\n\t(No symbol) [0x010CC8FD]\n\tGetHandleVerifier [0x014DF143+2981091]\n\tGetHandleVerifier [0x01532FF9+3324825]\n\tGetHandleVerifier [0x0129B32F+605903]\n\tGetHandleVerifier [0x012A2CBC+637020]\n\t(No symbol) [0x011A6F4D]\n\t(No symbol) [0x011A3DD8]\n\t(No symbol) [0x011A3F75]\n\t(No symbol) [0x01196406]\n\tBaseThreadInitThunk [0x771C7BA9+25]\n\tRtlInitializeExceptionChain [0x77B4C10B+107]\n\tRtlClearBits [0x77B4C08F+191]","statusTrace":"browser = <selenium.webdriver.chrome.webdriver.WebDriver (session=\"cfa50d1fff5bf6bf2023d4a1ec2e058a\")>\n\n    @allure.feature('Upload Loan Financing')\n    @allure.story('Nominal Pinjaman Non-Numerik *Negatif*')\n    @allure.severity(allure.severity_level.NORMAL)\n    def testcase_015(browser):\n        \"\"\"Testcase *Negatif*: mencoba Input Nominal Pinjaman dengan \"KOMA\" berulang dan verifikasi pesan kesalahan.\n    \n        Note: sistem otomatis menghapus value yang bukan numeric.\n        \"\"\"\n    \n        with allure.step(\"Input Nominal Pinjaman dengan Karakter Non-Numerik\"):\n            nominal_pinjaman = WebDriverWait(browser, 10).until(EC.visibility_of_element_located((By.XPATH, \"//input[@id='loan-nominal']\")))\n    \n            input_non_numerik = \",\" * 20\n            nominal_pinjaman.clear()\n            slow_typing(nominal_pinjaman, input_non_numerik)\n    \n            # nominal_pinjaman.send_keys(Keys.RETURN)\n            nominal_pinjaman.send_keys(Keys.TAB)\n    \n            btn_validasi = WebDriverWait(browser, 10).until(EC.element_to_be_clickable((By.XPATH, \"//button[contains(text(),'AJUKAN')]\")))\n            btn_validasi.click()\n            time.sleep(1)\n    \n            allure.attach(input_non_numerik, name=\"Input Nominal Pinjaman Non-Numerik\", attachment_type=allure.attachment_type.TEXT)\n            allure.attach(browser.get_screenshot_as_png(), name=\"Screenshot Input Nominal Pinjaman Non-Numerik\")\n    \n            try:\n>               error_message_element = WebDriverWait(browser, 10).until(EC.visibility_of_element_located((By.XPATH, \"//div[contains(text(),'Format tidak valid!')]\")))\n\nTestcase_Upload_Financing.py:593: \n_ _ _ _ _ _ _ _ _ _ _ _ _ _ _ _ _ _ _ _ _ _ _ _ _ _ _ _ _ _ _ _ _ _ _ _ _ _ _ _ _ _ _ _ _ _ _ _ _ _ _ _ _ _ _ _ _ _ _ _ _ _ _ _ _ _ _ _ _ _ _ _ _ _ _ _ _ _ _ _ _ _ _ _ _ _ _ _ _ _ _ _ _ _ _ _ _ _ \n\nself = <selenium.webdriver.support.wait.WebDriverWait (session=\"cfa50d1fff5bf6bf2023d4a1ec2e058a\")>, method = <function visibility_of_element_located.<locals>._predicate at 0x000001634605D510>\nmessage = ''\n\n    def until(self, method: Callable[[D], Union[Literal[False], T]], message: str = \"\") -> T:\n        \"\"\"Calls the method provided with the driver as an argument until the \\\n        return value does not evaluate to ``False``.\n    \n        :param method: callable(WebDriver)\n        :param message: optional message for :exc:`TimeoutException`\n        :returns: the result of the last call to `method`\n        :raises: :exc:`selenium.common.exceptions.TimeoutException` if timeout occurs\n        \"\"\"\n        screen = None\n        stacktrace = None\n    \n        end_time = time.monotonic() + self._timeout\n        while True:\n            try:\n                value = method(self._driver)\n                if value:\n                    return value\n            except self._ignored_exceptions as exc:\n                screen = getattr(exc, \"screen\", None)\n                stacktrace = getattr(exc, \"stacktrace\", None)\n            time.sleep(self._poll)\n            if time.monotonic() > end_time:\n                break\n>       raise TimeoutException(message, screen, stacktrace)\nE       selenium.common.exceptions.TimeoutException: Message: \nE       Stacktrace:\nE       \tGetHandleVerifier [0x0120D933+25811]\nE       \t(No symbol) [0x0119E314]\nE       \t(No symbol) [0x01092523]\nE       \t(No symbol) [0x010D7483]\nE       \t(No symbol) [0x010D765B]\nE       \t(No symbol) [0x01116BA2]\nE       \t(No symbol) [0x010FAD74]\nE       \t(No symbol) [0x011146F0]\nE       \t(No symbol) [0x010FAAC6]\nE       \t(No symbol) [0x010CBEFD]\nE       \t(No symbol) [0x010CC8FD]\nE       \tGetHandleVerifier [0x014DF143+2981091]\nE       \tGetHandleVerifier [0x01532FF9+3324825]\nE       \tGetHandleVerifier [0x0129B32F+605903]\nE       \tGetHandleVerifier [0x012A2CBC+637020]\nE       \t(No symbol) [0x011A6F4D]\nE       \t(No symbol) [0x011A3DD8]\nE       \t(No symbol) [0x011A3F75]\nE       \t(No symbol) [0x01196406]\nE       \tBaseThreadInitThunk [0x771C7BA9+25]\nE       \tRtlInitializeExceptionChain [0x77B4C10B+107]\nE       \tRtlClearBits [0x77B4C08F+191]\n\n..\\mytest\\lib\\site-packages\\selenium\\webdriver\\support\\wait.py:105: TimeoutException","flaky":false,"newFailed":false,"newBroken":false,"newPassed":false,"retriesCount":0,"retriesStatusChange":false,"beforeStages":[{"name":"_session_faker","time":{"start":1726253184386,"stop":1726253184474,"duration":88},"status":"passed","steps":[],"attachments":[],"parameters":[],"stepsCount":0,"hasContent":false,"attachmentsCount":0,"shouldDisplayMessage":false},{"name":"browser","time":{"start":1726253184474,"stop":1726253186715,"duration":2241},"status":"passed","steps":[],"attachments":[],"parameters":[],"stepsCount":0,"hasContent":false,"attachmentsCount":0,"shouldDisplayMessage":false},{"name":"setup_and_teardown","time":{"start":1726253186715,"stop":1726253191122,"duration":4407},"status":"passed","steps":[],"attachments":[],"parameters":[],"stepsCount":0,"hasContent":false,"attachmentsCount":0,"shouldDisplayMessage":false}],"testStage":{"description":"Testcase *Negatif*: mencoba Input Nominal Pinjaman dengan \"KOMA\" berulang dan verifikasi pesan kesalahan.\n    \n    Note: sistem otomatis menghapus value yang bukan numeric.\n    ","status":"broken","statusMessage":"selenium.common.exceptions.TimeoutException: Message: \nStacktrace:\n\tGetHandleVerifier [0x0120D933+25811]\n\t(No symbol) [0x0119E314]\n\t(No symbol) [0x01092523]\n\t(No symbol) [0x010D7483]\n\t(No symbol) [0x010D765B]\n\t(No symbol) [0x01116BA2]\n\t(No symbol) [0x010FAD74]\n\t(No symbol) [0x011146F0]\n\t(No symbol) [0x010FAAC6]\n\t(No symbol) [0x010CBEFD]\n\t(No symbol) [0x010CC8FD]\n\tGetHandleVerifier [0x014DF143+2981091]\n\tGetHandleVerifier [0x01532FF9+3324825]\n\tGetHandleVerifier [0x0129B32F+605903]\n\tGetHandleVerifier [0x012A2CBC+637020]\n\t(No symbol) [0x011A6F4D]\n\t(No symbol) [0x011A3DD8]\n\t(No symbol) [0x011A3F75]\n\t(No symbol) [0x01196406]\n\tBaseThreadInitThunk [0x771C7BA9+25]\n\tRtlInitializeExceptionChain [0x77B4C10B+107]\n\tRtlClearBits [0x77B4C08F+191]","statusTrace":"browser = <selenium.webdriver.chrome.webdriver.WebDriver (session=\"cfa50d1fff5bf6bf2023d4a1ec2e058a\")>\n\n    @allure.feature('Upload Loan Financing')\n    @allure.story('Nominal Pinjaman Non-Numerik *Negatif*')\n    @allure.severity(allure.severity_level.NORMAL)\n    def testcase_015(browser):\n        \"\"\"Testcase *Negatif*: mencoba Input Nominal Pinjaman dengan \"KOMA\" berulang dan verifikasi pesan kesalahan.\n    \n        Note: sistem otomatis menghapus value yang bukan numeric.\n        \"\"\"\n    \n        with allure.step(\"Input Nominal Pinjaman dengan Karakter Non-Numerik\"):\n            nominal_pinjaman = WebDriverWait(browser, 10).until(EC.visibility_of_element_located((By.XPATH, \"//input[@id='loan-nominal']\")))\n    \n            input_non_numerik = \",\" * 20\n            nominal_pinjaman.clear()\n            slow_typing(nominal_pinjaman, input_non_numerik)\n    \n            # nominal_pinjaman.send_keys(Keys.RETURN)\n            nominal_pinjaman.send_keys(Keys.TAB)\n    \n            btn_validasi = WebDriverWait(browser, 10).until(EC.element_to_be_clickable((By.XPATH, \"//button[contains(text(),'AJUKAN')]\")))\n            btn_validasi.click()\n            time.sleep(1)\n    \n            allure.attach(input_non_numerik, name=\"Input Nominal Pinjaman Non-Numerik\", attachment_type=allure.attachment_type.TEXT)\n            allure.attach(browser.get_screenshot_as_png(), name=\"Screenshot Input Nominal Pinjaman Non-Numerik\")\n    \n            try:\n>               error_message_element = WebDriverWait(browser, 10).until(EC.visibility_of_element_located((By.XPATH, \"//div[contains(text(),'Format tidak valid!')]\")))\n\nTestcase_Upload_Financing.py:593: \n_ _ _ _ _ _ _ _ _ _ _ _ _ _ _ _ _ _ _ _ _ _ _ _ _ _ _ _ _ _ _ _ _ _ _ _ _ _ _ _ _ _ _ _ _ _ _ _ _ _ _ _ _ _ _ _ _ _ _ _ _ _ _ _ _ _ _ _ _ _ _ _ _ _ _ _ _ _ _ _ _ _ _ _ _ _ _ _ _ _ _ _ _ _ _ _ _ _ \n\nself = <selenium.webdriver.support.wait.WebDriverWait (session=\"cfa50d1fff5bf6bf2023d4a1ec2e058a\")>, method = <function visibility_of_element_located.<locals>._predicate at 0x000001634605D510>\nmessage = ''\n\n    def until(self, method: Callable[[D], Union[Literal[False], T]], message: str = \"\") -> T:\n        \"\"\"Calls the method provided with the driver as an argument until the \\\n        return value does not evaluate to ``False``.\n    \n        :param method: callable(WebDriver)\n        :param message: optional message for :exc:`TimeoutException`\n        :returns: the result of the last call to `method`\n        :raises: :exc:`selenium.common.exceptions.TimeoutException` if timeout occurs\n        \"\"\"\n        screen = None\n        stacktrace = None\n    \n        end_time = time.monotonic() + self._timeout\n        while True:\n            try:\n                value = method(self._driver)\n                if value:\n                    return value\n            except self._ignored_exceptions as exc:\n                screen = getattr(exc, \"screen\", None)\n                stacktrace = getattr(exc, \"stacktrace\", None)\n            time.sleep(self._poll)\n            if time.monotonic() > end_time:\n                break\n>       raise TimeoutException(message, screen, stacktrace)\nE       selenium.common.exceptions.TimeoutException: Message: \nE       Stacktrace:\nE       \tGetHandleVerifier [0x0120D933+25811]\nE       \t(No symbol) [0x0119E314]\nE       \t(No symbol) [0x01092523]\nE       \t(No symbol) [0x010D7483]\nE       \t(No symbol) [0x010D765B]\nE       \t(No symbol) [0x01116BA2]\nE       \t(No symbol) [0x010FAD74]\nE       \t(No symbol) [0x011146F0]\nE       \t(No symbol) [0x010FAAC6]\nE       \t(No symbol) [0x010CBEFD]\nE       \t(No symbol) [0x010CC8FD]\nE       \tGetHandleVerifier [0x014DF143+2981091]\nE       \tGetHandleVerifier [0x01532FF9+3324825]\nE       \tGetHandleVerifier [0x0129B32F+605903]\nE       \tGetHandleVerifier [0x012A2CBC+637020]\nE       \t(No symbol) [0x011A6F4D]\nE       \t(No symbol) [0x011A3DD8]\nE       \t(No symbol) [0x011A3F75]\nE       \t(No symbol) [0x01196406]\nE       \tBaseThreadInitThunk [0x771C7BA9+25]\nE       \tRtlInitializeExceptionChain [0x77B4C10B+107]\nE       \tRtlClearBits [0x77B4C08F+191]\n\n..\\mytest\\lib\\site-packages\\selenium\\webdriver\\support\\wait.py:105: TimeoutException","steps":[{"name":"Input Nominal Pinjaman dengan Karakter Non-Numerik","time":{"start":1726253204761,"stop":1726253217519,"duration":12758},"status":"broken","statusMessage":"selenium.common.exceptions.TimeoutException: Message: \nStacktrace:\n\tGetHandleVerifier [0x0120D933+25811]\n\t(No symbol) [0x0119E314]\n\t(No symbol) [0x01092523]\n\t(No symbol) [0x010D7483]\n\t(No symbol) [0x010D765B]\n\t(No symbol) [0x01116BA2]\n\t(No symbol) [0x010FAD74]\n\t(No symbol) [0x011146F0]\n\t(No symbol) [0x010FAAC6]\n\t(No symbol) [0x010CBEFD]\n\t(No symbol) [0x010CC8FD]\n\tGetHandleVerifier [0x014DF143+2981091]\n\tGetHandleVerifier [0x01532FF9+3324825]\n\tGetHandleVerifier [0x0129B32F+605903]\n\tGetHandleVerifier [0x012A2CBC+637020]\n\t(No symbol) [0x011A6F4D]\n\t(No symbol) [0x011A3DD8]\n\t(No symbol) [0x011A3F75]\n\t(No symbol) [0x01196406]\n\tBaseThreadInitThunk [0x771C7BA9+25]\n\tRtlInitializeExceptionChain [0x77B4C10B+107]\n\tRtlClearBits [0x77B4C08F+191]\n\n","statusTrace":"  File \"C:\\Users\\irsan\\PycharmProjects\\Testing Allure\\Testing\\Testcase_Upload_Financing.py\", line 593, in testcase_015\n    error_message_element = WebDriverWait(browser, 10).until(EC.visibility_of_element_located((By.XPATH, \"//div[contains(text(),'Format tidak valid!')]\")))\n  File \"C:\\Users\\irsan\\PycharmProjects\\Testing Allure\\mytest\\lib\\site-packages\\selenium\\webdriver\\support\\wait.py\", line 105, in until\n    raise TimeoutException(message, screen, stacktrace)\n","steps":[],"attachments":[{"uid":"4293f4e85bba53ad","name":"Input Nominal Pinjaman Non-Numerik","source":"4293f4e85bba53ad.txt","type":"text/plain","size":20},{"uid":"5a6cbc5961c6eb4f","name":"Screenshot Input Nominal Pinjaman Non-Numerik","source":"5a6cbc5961c6eb4f.attach","type":"image/png","size":63080},{"uid":"bd4a136ac6bc88ab","name":"Screenshot Error","source":"bd4a136ac6bc88ab.png","type":"image/png","size":65138}],"parameters":[],"stepsCount":0,"hasContent":true,"attachmentsCount":3,"shouldDisplayMessage":true}],"attachments":[{"uid":"60c0c226db2e7e31","name":"log","source":"60c0c226db2e7e31.txt","type":"text/plain","size":763}],"parameters":[],"stepsCount":1,"hasContent":true,"attachmentsCount":4,"shouldDisplayMessage":true},"afterStages":[{"name":"setup_and_teardown::0","time":{"start":1726253231117,"stop":1726253231117,"duration":0},"status":"passed","steps":[],"attachments":[],"parameters":[],"stepsCount":0,"hasContent":false,"attachmentsCount":0,"shouldDisplayMessage":false},{"name":"browser::0","time":{"start":1726253231118,"stop":1726253233286,"duration":2168},"status":"passed","steps":[],"attachments":[],"parameters":[],"stepsCount":0,"hasContent":false,"attachmentsCount":0,"shouldDisplayMessage":false}],"labels":[{"name":"feature","value":"Upload Loan Financing"},{"name":"story","value":"Nominal Pinjaman Non-Numerik *Negatif*"},{"name":"severity","value":"normal"},{"name":"suite","value":"Testcase_Upload_Financing"},{"name":"host","value":"LAPTOP-1965Q82V"},{"name":"thread","value":"31880-MainThread"},{"name":"framework","value":"pytest"},{"name":"language","value":"cpython3"},{"name":"package","value":"Testcase_Upload_Financing"},{"name":"resultFormat","value":"allure2"}],"parameters":[],"links":[],"hidden":true,"retry":true,"extra":{"categories":[],"tags":[]},"source":"4208d03eb9cb0411.json","parameterValues":[]}